<?xml version="1.0" encoding="UTF-8"?>
<testng-results total="3" passed="2" failed="1" skipped="0">
  <reporter-output>
  </reporter-output>
  <suite started-at="2020-10-14T16:40:28Z" name="Default suite" finished-at="2020-10-14T16:40:39Z" duration-ms="10886">
    <groups>
    </groups>
    <test started-at="2020-10-14T16:40:28Z" name="Default test" finished-at="2020-10-14T16:40:39Z" duration-ms="10886">
      <class name="com.mycompany.app.NewTest">
        <test-method is-config="true" signature="beforeTest()[pri:0, instance:com.mycompany.app.NewTest@68f1b17f]" started-at="2020-10-14T22:10:28Z" name="beforeTest" finished-at="2020-10-14T22:10:33Z" duration-ms="4980" status="PASS">
          <reporter-output>
          </reporter-output>
        </test-method> <!-- beforeTest -->
        <test-method signature="testAppConstructor()[pri:0, instance:com.mycompany.app.NewTest@68f1b17f]" started-at="2020-10-14T22:10:33Z" name="testAppConstructor" finished-at="2020-10-14T22:10:33Z" duration-ms="25" status="PASS">
          <reporter-output>
          </reporter-output>
        </test-method> <!-- testAppConstructor -->
        <test-method signature="testAppMain()[pri:0, instance:com.mycompany.app.NewTest@68f1b17f]" started-at="2020-10-14T22:10:33Z" name="testAppMain" finished-at="2020-10-14T22:10:33Z" duration-ms="16" status="FAIL">
          <exception class="java.lang.AssertionError">
            <message>
              <![CDATA["message" is not "Hello World!"]]>
            </message>
            <full-stacktrace>
              <![CDATA[java.lang.AssertionError: "message" is not "Hello World!"
	at org.junit.Assert.fail(Assert.java:88)
	at com.mycompany.app.NewTest.testAppMain(NewTest.java:59)
	at java.base/jdk.internal.reflect.NativeMethodAccessorImpl.invoke0(Native Method)
	at java.base/jdk.internal.reflect.NativeMethodAccessorImpl.invoke(NativeMethodAccessorImpl.java:62)
	at java.base/jdk.internal.reflect.DelegatingMethodAccessorImpl.invoke(DelegatingMethodAccessorImpl.java:43)
	at java.base/java.lang.reflect.Method.invoke(Method.java:564)
	at org.testng.internal.MethodInvocationHelper.invokeMethod(MethodInvocationHelper.java:84)
	at org.testng.internal.Invoker.invokeMethod(Invoker.java:714)
	at org.testng.internal.Invoker.invokeTestMethod(Invoker.java:901)
	at org.testng.internal.Invoker.invokeTestMethods(Invoker.java:1231)
	at org.testng.internal.TestMethodWorker.invokeTestMethods(TestMethodWorker.java:127)
	at org.testng.internal.TestMethodWorker.run(TestMethodWorker.java:111)
	at org.testng.TestRunner.privateRun(TestRunner.java:767)
	at org.testng.TestRunner.run(TestRunner.java:617)
	at org.testng.SuiteRunner.runTest(SuiteRunner.java:348)
	at org.testng.SuiteRunner.runSequentially(SuiteRunner.java:343)
	at org.testng.SuiteRunner.privateRun(SuiteRunner.java:305)
	at org.testng.SuiteRunner.run(SuiteRunner.java:254)
	at org.testng.SuiteRunnerWorker.runSuite(SuiteRunnerWorker.java:52)
	at org.testng.SuiteRunnerWorker.run(SuiteRunnerWorker.java:86)
	at org.testng.TestNG.runSuitesSequentially(TestNG.java:1224)
	at org.testng.TestNG.runSuitesLocally(TestNG.java:1149)
	at org.testng.TestNG.run(TestNG.java:1057)
	at org.testng.remote.AbstractRemoteTestNG.run(AbstractRemoteTestNG.java:115)
	at org.testng.remote.RemoteTestNG.initAndRun(RemoteTestNG.java:251)
	at org.testng.remote.RemoteTestNG.main(RemoteTestNG.java:77)
]]>
            </full-stacktrace>
          </exception> <!-- java.lang.AssertionError -->
          <reporter-output>
          </reporter-output>
        </test-method> <!-- testAppMain -->
        <test-method signature="testEasy()[pri:0, instance:com.mycompany.app.NewTest@68f1b17f]" started-at="2020-10-14T22:10:33Z" name="testEasy" finished-at="2020-10-14T22:10:37Z" duration-ms="4501" status="PASS">
          <reporter-output>
          </reporter-output>
        </test-method> <!-- testEasy -->
        <test-method is-config="true" signature="afterTest()[pri:0, instance:com.mycompany.app.NewTest@68f1b17f]" started-at="2020-10-14T22:10:37Z" name="afterTest" finished-at="2020-10-14T22:10:39Z" duration-ms="1322" status="PASS">
          <reporter-output>
          </reporter-output>
        </test-method> <!-- afterTest -->
      </class> <!-- com.mycompany.app.NewTest -->
    </test> <!-- Default test -->
  </suite> <!-- Default suite -->
</testng-results>
